<?xml version="1.0" encoding="UTF-8"?>
<!-- Generated by org.testng.reporters.JUnitXMLReporter -->
<testsuite ignored="1" hostname="LAPTOP-434SGT0U" failures="0" tests="1" name="Default test" time="7.269" errors="0" timestamp="2023-04-25T10:46:09 IST">
  <testcase classname="test.VerifyAddToCartSwagLabs" name="addProductToCart" time="0.612"/>
  <testcase classname="test.VerifyAddToCartSwagLabs" name="VerifyRemoveFuntionality" time="0.0">
    <ignored/>
  </testcase> <!-- VerifyRemoveFuntionality -->
</testsuite> <!-- Default test -->
