<?xml version="1.0" encoding="UTF-8"?>
<!-- Generated by org.testng.reporters.JUnitXMLReporter -->
<testsuite ignored="0" hostname="LAPTOP-434SGT0U" failures="1" tests="4" name="ChromeTest" time="8.871" errors="0" timestamp="2023-04-25T10:46:57 IST">
  <testcase classname="test.VerifyAddToCartSwagLabs" name="@AfterMethod captureResults" time="0.005">
    <failure type="java.lang.NullPointerException" message="Cannot invoke &amp;quot;com.aventstack.extentreports.ExtentTest.log(com.aventstack.extentreports.Status, String)&amp;quot; because &amp;quot;this.test&amp;quot; is null">
      <![CDATA[java.lang.NullPointerException: Cannot invoke "com.aventstack.extentreports.ExtentTest.log(com.aventstack.extentreports.Status, String)" because "this.test" is null
at test.VerifyAddToCartSwagLabs.captureResults(VerifyAddToCartSwagLabs.java:71)
at java.base/java.util.ArrayList.forEach(ArrayList.java:1511)
... Removed 32 stack frames]]>
    </failure>
  </testcase> <!-- @AfterMethod captureResults -->
  <testcase classname="test.VerifyAddToCartSwagLabs" name="@BeforeMethod OpenBrowser" time="0.0">
    <skipped/>
  </testcase> <!-- @BeforeMethod OpenBrowser -->
  <testcase classname="test.VerifyAddToCartSwagLabs" name="@AfterMethod captureResults" time="0.0">
    <skipped/>
  </testcase> <!-- @AfterMethod captureResults -->
  <testcase classname="test.VerifyAddToCartSwagLabs" name="@AfterTest publishReports" time="0.0">
    <skipped/>
  </testcase> <!-- @AfterTest publishReports -->
  <testcase classname="test.VerifyAddToCartSwagLabs" name="VerifyRemoveFuntionality" time="0.576"/>
  <testcase classname="test.VerifyAddToCartSwagLabs" name="addProductToCart" time="0.0">
    <skipped/>
  </testcase> <!-- addProductToCart -->
  <testcase classname="test.VerifyLogoutFuntionality" name="CustomerIsAbleToLogout" time="0.531">
    <failure type="org.openqa.selenium.ElementNotInteractableException" message="element not interactable
  (Session info: chrome=112.0.5615.138)
Build info: version: &amp;apos;4.8.1&amp;apos;, revision: &amp;apos;8ebccac989&amp;apos;
System info: os.name: &amp;apos;Windows 11&amp;apos;, os.arch: &amp;apos;amd64&amp;apos;, os.version: &amp;apos;10.0&amp;apos;, java.version: &amp;apos;17.0.5&amp;apos;
Driver info: org.openqa.selenium.chrome.ChromeDriver
Command: [8f178aa050fec4f88cd38733cfc8a108, clickElement {id=ce7a1d00-328f-447f-9801-ed8b8cb80012}]
Capabilities {acceptInsecureCerts: false, browserName: chrome, browserVersion: 112.0.5615.138, chrome: {chromedriverVersion: 112.0.5615.49 (bd2a7bcb881c..., userDataDir: C:\Users\SURYAN~1\AppData\L...}, goog:chromeOptions: {debuggerAddress: localhost:53824}, networkConnectionEnabled: false, pageLoadStrategy: normal, platformName: WINDOWS, proxy: Proxy(), se:cdp: ws://localhost:53824/devtoo..., se:cdpVersion: 112.0.5615.138, setWindowRect: true, strictFileInteractability: false, timeouts: {implicit: 0, pageLoad: 300000, script: 30000}, unhandledPromptBehavior: dismiss and notify, webauthn:extension:credBlob: true, webauthn:extension:largeBlob: true, webauthn:extension:minPinLength: true, webauthn:extension:prf: true, webauthn:virtualAuthenticators: true}
Element: [[ChromeDriver: chrome on WINDOWS (8f178aa050fec4f88cd38733cfc8a108)] -&amp;gt; xpath: //a[text()=&amp;apos;Logout&amp;apos;]]
Session ID: 8f178aa050fec4f88cd38733cfc8a108">
      <![CDATA[org.openqa.selenium.ElementNotInteractableException: element not interactable
  (Session info: chrome=112.0.5615.138)
Build info: version: '4.8.1', revision: '8ebccac989'
System info: os.name: 'Windows 11', os.arch: 'amd64', os.version: '10.0', java.version: '17.0.5'
Driver info: org.openqa.selenium.chrome.ChromeDriver
Command: [8f178aa050fec4f88cd38733cfc8a108, clickElement {id=ce7a1d00-328f-447f-9801-ed8b8cb80012}]
Capabilities {acceptInsecureCerts: false, browserName: chrome, browserVersion: 112.0.5615.138, chrome: {chromedriverVersion: 112.0.5615.49 (bd2a7bcb881c..., userDataDir: C:\Users\SURYAN~1\AppData\L...}, goog:chromeOptions: {debuggerAddress: localhost:53824}, networkConnectionEnabled: false, pageLoadStrategy: normal, platformName: WINDOWS, proxy: Proxy(), se:cdp: ws://localhost:53824/devtoo..., se:cdpVersion: 112.0.5615.138, setWindowRect: true, strictFileInteractability: false, timeouts: {implicit: 0, pageLoad: 300000, script: 30000}, unhandledPromptBehavior: dismiss and notify, webauthn:extension:credBlob: true, webauthn:extension:largeBlob: true, webauthn:extension:minPinLength: true, webauthn:extension:prf: true, webauthn:virtualAuthenticators: true}
Element: [[ChromeDriver: chrome on WINDOWS (8f178aa050fec4f88cd38733cfc8a108)] -> xpath: //a[text()='Logout']]
Session ID: 8f178aa050fec4f88cd38733cfc8a108
at org.openqa.selenium.remote.codec.w3c.W3CHttpResponseCodec.createException(W3CHttpResponseCodec.java:200)
at org.openqa.selenium.remote.codec.w3c.W3CHttpResponseCodec.decode(W3CHttpResponseCodec.java:133)
at org.openqa.selenium.remote.codec.w3c.W3CHttpResponseCodec.decode(W3CHttpResponseCodec.java:53)
at org.openqa.selenium.remote.HttpCommandExecutor.execute(HttpCommandExecutor.java:184)
at org.openqa.selenium.remote.service.DriverCommandExecutor.invokeExecute(DriverCommandExecutor.java:167)
at org.openqa.selenium.remote.service.DriverCommandExecutor.execute(DriverCommandExecutor.java:142)
at org.openqa.selenium.remote.RemoteWebDriver.execute(RemoteWebDriver.java:543)
at org.openqa.selenium.remote.RemoteWebElement.execute(RemoteWebElement.java:257)
at org.openqa.selenium.remote.RemoteWebElement.click(RemoteWebElement.java:78)
at org.openqa.selenium.support.pagefactory.internal.LocatingElementHandler.invoke(LocatingElementHandler.java:52)
at jdk.proxy2/jdk.proxy2.$Proxy20.click(Unknown Source)
at pom.SwagLabsHomePage.clickOnlogout(SwagLabsHomePage.java:32)
at test.VerifyLogoutFuntionality.CustomerIsAbleToLogout(VerifyLogoutFuntionality.java:38)
at java.base/java.util.ArrayList.forEach(ArrayList.java:1511)
... Removed 36 stack frames]]>
    </failure>
  </testcase> <!-- CustomerIsAbleToLogout -->
  <testcase classname="test.VerifyTheLoginFuntionality" name="CustomerIsAbleToLogin" time="0.377"/>
</testsuite> <!-- ChromeTest -->
