<?xml version="1.0" encoding="UTF-8"?>
<testng-results ignored="0" total="1" passed="1" failed="0" skipped="0">
  <reporter-output>
  </reporter-output>
  <suite started-at="2023-04-25T11:54:39 IST" name="Default suite" finished-at="2023-04-25T11:54:45 IST" duration-ms="6091">
    <groups>
    </groups>
    <test started-at="2023-04-25T11:54:39 IST" name="Default test" finished-at="2023-04-25T11:54:45 IST" duration-ms="6091">
      <class name="test.VerifyCheckOutFuntionality">
        <test-method is-config="true" signature="configureReports()[pri:0, instance:test.VerifyCheckOutFuntionality@7674f035]" started-at="2023-04-25T11:54:39 IST" name="configureReports" finished-at="2023-04-25T11:54:39 IST" duration-ms="344" status="PASS">
          <reporter-output>
          </reporter-output>
        </test-method> <!-- configureReports -->
        <test-method is-config="true" signature="OpenBrowser()[pri:0, instance:test.VerifyCheckOutFuntionality@7674f035]" started-at="2023-04-25T11:54:39 IST" name="OpenBrowser" finished-at="2023-04-25T11:54:44 IST" duration-ms="4382" status="PASS">
          <reporter-output>
          </reporter-output>
        </test-method> <!-- OpenBrowser -->
        <test-method signature="VerifyCheckoutFuntionality()[pri:0, instance:test.VerifyCheckOutFuntionality@7674f035]" started-at="2023-04-25T11:54:44 IST" name="VerifyCheckoutFuntionality" finished-at="2023-04-25T11:54:45 IST" duration-ms="1317" status="PASS">
          <reporter-output>
          </reporter-output>
        </test-method> <!-- VerifyCheckoutFuntionality -->
      </class> <!-- test.VerifyCheckOutFuntionality -->
    </test> <!-- Default test -->
  </suite> <!-- Default suite -->
</testng-results>
